<?xml version="1.0" encoding="UTF-8"?>
<!-- Generated by org.testng.reporters.JUnitReportReporter -->
<testsuite hostname="LAPTOP-BOEES433" failures="0" tests="1" name="basic.OrganizationTest" time="12.026" errors="0" timestamp="2024-03-22T10:12:58 IST" skipped="0">
  <testcase classname="basic.OrganizationTest" name="CreateOrganizationTest" time="12.026"/>
  <system-out/>
</testsuite> <!-- basic.OrganizationTest -->
